Arguments: 
  C:\Program Files\nodejs\node.exe C:\Users\tungo\AppData\Roaming\npm\node_modules\yarn\bin\yarn.js add styled-components/native@2.2.4

PATH: 
  C:\VulkanSDK\1.3.216.0\Bin;C:\Program Files\Common Files\Oracle\Java\javapath;C:\Python39\Scripts\;C:\Python39\;C:\Windows\system32;C:\Windows;C:\Windows\System32\Wbem;C:\Windows\System32\WindowsPowerShell\v1.0\;C:\Windows\System32\OpenSSH\;C:\Program Files (x86)\Google\Cloud SDK\google-cloud-sdk\bin;C:\ProgramData\chocolatey\bin;C:\Program Files\Git\cmd;C:\Program Files\PuTTY\;C:\Program Files\dotnet\;C:\Users\tungo\AppData\Local\Android\Sdk\platform-tools;C:\Program Files\nodejs\;C:\Program Files (x86)\dotnet\;C:\Users\tungo\AppData\Local\Microsoft\WindowsApps;;C:\Users\tungo\AppData\Local\Programs\Microsoft VS Code\bin;C:\Users\tungo\.dotnet\tools;C:\Users\tungo\AppData\Roaming\npm

Yarn version: 
  1.22.17

Node version: 
  16.16.0

Platform: 
  win32 x64

Trace: 
  Error: https://registry.yarnpkg.com/styled-components%2fnative: Request "https://registry.yarnpkg.com/styled-components%2fnative" returned a 405
      at Request.params.callback [as _callback] (C:\Users\tungo\AppData\Roaming\npm\node_modules\yarn\lib\cli.js:67038:18)
      at Request.self.callback (C:\Users\tungo\AppData\Roaming\npm\node_modules\yarn\lib\cli.js:140883:22)
      at Request.emit (node:events:527:28)
      at Request.<anonymous> (C:\Users\tungo\AppData\Roaming\npm\node_modules\yarn\lib\cli.js:141855:10)
      at Request.emit (node:events:527:28)
      at IncomingMessage.<anonymous> (C:\Users\tungo\AppData\Roaming\npm\node_modules\yarn\lib\cli.js:141777:12)
      at Object.onceWrapper (node:events:641:28)
      at IncomingMessage.emit (node:events:539:35)
      at endReadableNT (node:internal/streams/readable:1345:12)
      at processTicksAndRejections (node:internal/process/task_queues:83:21)

npm manifest: 
  {
    "name": "appreactnative",
    "version": "1.0.0",
    "main": "node_modules/expo/AppEntry.js",
    "scripts": {
      "start": "expo start",
      "android": "expo start --android",
      "ios": "expo start --ios",
      "web": "expo start --web"
    },
    "dependencies": {
      "@babel/preset-env": "^7.21.4",
      "@babel/preset-react": "^7.18.6",
      "@react-navigation/bottom-tabs": "^6.5.7",
      "@react-navigation/drawer": "^6.6.2",
      "@react-navigation/material-bottom-tabs": "^6.2.15",
      "@react-navigation/native": "^6.1.6",
      "@react-navigation/native-stack": "^6.9.12",
      "@reduxjs/toolkit": "^1.9.3",
      "add": "^2.0.6",
      "axios": "^1.3.5",
      "babel-preset-expo": "^9.3.2",
      "expo": "^46.0.21",
      "expo-google-app-auth": "~8.3.0",
      "expo-status-bar": "~1.4.4",
      "firebase": "^9.19.1",
      "hermes-engine": "^0.11.0",
      "react": "18.2.0",
      "react-native": "0.71.6",
      "react-native-gesture-handler": "~2.9.0",
      "react-native-reanimated": "^2.9.1",
      "react-native-safe-area-context": "4.5.0",
      "react-native-screens": "~3.20.0",
      "react-native-svg": "^13.9.0",
      "react-redux": "^8.0.5",
      "styled-components": "^5.3.9",
      "undefined": "@expo/vector-icons/Ionicons"
    },
    "devDependencies": {
      "@babel/core": "^7.21.4"
    },
    "private": true
  }

yarn manifest: 
  No manifest

Lockfile: 
  No lockfile
